15-09-2018 08:59:44 INFO - Tentando conexão com o banco de dados
15-09-2018 08:59:46 INFO - Conexão concluída com sucesso!
15-09-2018 08:59:55 INFO - Ajustando detalhes de tela
15-09-2018 08:59:55 INFO - Tela carregada com sucesso.
15-09-2018 09:01:01 INFO - Tentando conexão com o banco de dados
15-09-2018 09:01:03 INFO - Conexão concluída com sucesso!
15-09-2018 09:01:10 INFO - Ajustando detalhes de tela
15-09-2018 09:01:10 INFO - Tela carregada com sucesso.
15-09-2018 09:02:18 INFO - Tentando conexão com o banco de dados
15-09-2018 09:02:20 INFO - Conexão concluída com sucesso!
15-09-2018 09:03:07 INFO - Tentando conexão com o banco de dados
15-09-2018 09:03:09 INFO - Conexão concluída com sucesso!
15-09-2018 09:04:21 INFO - Tentando conexão com o banco de dados
15-09-2018 09:04:23 INFO - Conexão concluída com sucesso!
15-09-2018 09:04:29 INFO - Ajustando detalhes de tela
15-09-2018 09:04:30 INFO - Tela carregada com sucesso.
15-09-2018 09:04:36 INFO - Tentando conexão com o banco de dados
15-09-2018 09:04:38 INFO - Conexão concluída com sucesso!
15-09-2018 09:04:44 INFO - Ajustando detalhes de tela
15-09-2018 09:04:44 INFO - Tela carregada com sucesso.
15-09-2018 09:08:46 INFO - Tentando conexão com o banco de dados
15-09-2018 09:08:48 INFO - Conexão concluída com sucesso!
15-09-2018 09:08:55 INFO - Conexão realizada!
15-09-2018 09:08:55 INFO - Ajustando detalhes de tela
15-09-2018 09:08:55 INFO - Tela carregada com sucesso.
15-09-2018 09:25:15 INFO - Tentando conexão com o banco de dados
15-09-2018 09:25:17 INFO - Conexão concluída com sucesso!
15-09-2018 09:25:26 INFO - Conexão realizada!
15-09-2018 09:25:26 INFO - Ajustando detalhes de tela
15-09-2018 09:25:26 INFO - Tela carregada com sucesso.
15-09-2018 09:25:32 INFO - Bot iniciado!
15-09-2018 09:25:32 INFO - Iniciando bot 1
15-09-2018 09:25:32 INFO - Iniciando bot 2
15-09-2018 09:26:10 ERROR - Erro no bot 2! Index: 50, Size: 50 - Link: https://dzo.wordpress.org
15-09-2018 09:26:40 ERROR - Erro no bot 1! Index: 50, Size: 50 - Link: https://www.hotjar.com
15-09-2018 09:27:10 ERROR - Erro no bot 2! Index: 50, Size: 50 - Link: https://en.wikibooks.org
15-09-2018 09:27:25 ERROR - Erro no bot 1! Index: 26, Size: 25 - Link: https://ru.linkedin.com
15-09-2018 09:27:25 INFO - Bot finalizado!
15-09-2018 09:28:14 INFO - Tentando conexão com o banco de dados
15-09-2018 09:28:16 INFO - Conexão concluída com sucesso!
15-09-2018 09:28:22 INFO - Conexão realizada!
15-09-2018 09:28:22 INFO - Ajustando detalhes de tela
15-09-2018 09:28:23 INFO - Tela carregada com sucesso.
15-09-2018 09:28:46 INFO - Tentando conexão com o banco de dados
15-09-2018 09:28:48 INFO - Conexão concluída com sucesso!
15-09-2018 09:28:54 INFO - Conexão realizada!
15-09-2018 09:28:54 INFO - Ajustando detalhes de tela
15-09-2018 09:28:54 INFO - Tela carregada com sucesso.
15-09-2018 09:29:03 INFO - Bot iniciado!
15-09-2018 09:29:03 INFO - Iniciando bot 1
15-09-2018 09:29:03 INFO - Iniciando bot 2
15-09-2018 09:29:37 ERROR - Erro no bot 2! Index: 50, Size: 50 - Link: https://en.wiktionary.org
15-09-2018 09:29:52 ERROR - Erro no bot 1! Index: 26, Size: 25 - Link: https://species.wikimedia.org
15-09-2018 09:29:52 INFO - Bot finalizado!
15-09-2018 09:44:17 INFO - Tentando conexão com o banco de dados
15-09-2018 09:44:19 INFO - Conexão concluída com sucesso!
15-09-2018 09:44:26 INFO - Conexão realizada!
15-09-2018 09:44:26 INFO - Ajustando detalhes de tela
15-09-2018 09:44:26 INFO - Tela carregada com sucesso.
15-09-2018 09:51:41 INFO - Conexão concluída com sucesso!
15-09-2018 09:59:23 INFO - Tentando conexão com o banco de dados
15-09-2018 09:59:25 INFO - Conexão concluída com sucesso!
15-09-2018 10:04:23 INFO - Tentando conexão com o banco de dados
15-09-2018 10:04:25 INFO - Conexão concluída com sucesso!
15-09-2018 10:04:25 INFO - Conexão realizada!
15-09-2018 10:04:25 INFO - Ajustando detalhes de tela
15-09-2018 10:04:26 INFO - Tela carregada com sucesso.
15-09-2018 10:07:54 INFO - Tentando conexão com o banco de dados
15-09-2018 10:07:56 INFO - Conexão concluída com sucesso!
15-09-2018 10:07:56 INFO - Conexão realizada!
15-09-2018 10:07:56 INFO - Ajustando detalhes de tela
15-09-2018 10:07:57 INFO - Tela carregada com sucesso.
15-09-2018 10:09:14 INFO - Tentando conexão com o banco de dados
15-09-2018 10:09:16 INFO - Conexão concluída com sucesso!
15-09-2018 10:09:16 INFO - Conexão realizada!
15-09-2018 10:09:16 INFO - Ajustando detalhes de tela
15-09-2018 10:09:16 INFO - Tela carregada com sucesso.
15-09-2018 10:13:09 INFO - Tentando conexão com o banco de dados
15-09-2018 10:13:11 INFO - Conexão concluída com sucesso!
15-09-2018 10:13:12 INFO - Conexão realizada!
15-09-2018 10:13:12 INFO - Ajustando detalhes de tela
15-09-2018 10:13:12 INFO - Tela carregada com sucesso.
15-09-2018 10:15:14 INFO - Tentando conexão com o banco de dados
15-09-2018 10:15:16 INFO - Conexão concluída com sucesso!
15-09-2018 10:15:16 INFO - Conexão realizada!
15-09-2018 10:15:16 INFO - Ajustando detalhes de tela
15-09-2018 10:15:17 INFO - Tela carregada com sucesso.
15-09-2018 10:23:39 INFO - Tentando conexão com o banco de dados
15-09-2018 10:23:41 INFO - Conexão concluída com sucesso!
15-09-2018 10:23:51 INFO - Conexão realizada!
15-09-2018 10:23:51 INFO - Ajustando detalhes de tela
15-09-2018 10:23:51 INFO - Tela carregada com sucesso.
15-09-2018 14:27:41 INFO - Tentando conexão com o banco de dados
15-09-2018 14:27:43 INFO - Conexão concluída com sucesso!
15-09-2018 14:27:54 INFO - Conexão realizada!
15-09-2018 14:27:54 INFO - Ajustando detalhes de tela
15-09-2018 14:27:55 INFO - Tela carregada com sucesso.
